<?xml version="1.0" encoding="UTF-8"?>
<testsuite xmlns:xsi="http://www.w3.org/2001/XMLSchema-instance" xsi:noNamespaceSchemaLocation="https://maven.apache.org/surefire/maven-surefire-plugin/xsd/surefire-test-report-3.0.xsd" version="3.0" name="DriverExecutable.DriverTest" time="51.141" tests="51" errors="0" skipped="0" failures="0">
  <properties>
[...]
</properties>
  <testcase name="Given customer is on the items page" classname="Scenario: To check naviagtion from itesm page to booking details page" time="0"/>
  <testcase name="When customer adds an item to cart" classname="Scenario: To check naviagtion from itesm page to booking details page" time="0"/>
  <testcase name="Then cart should be updated with items" classname="Scenario: To check naviagtion from itesm page to booking details page" time="0"/>
  <testcase name="And Able to navigate to booking details page" classname="Scenario: To check naviagtion from itesm page to booking details page" time="0"/>
  <testcase name="" classname="Scenario: To check naviagtion from itesm page to booking details page" time="0.649"/>
  <testcase name="Given customer is on the items page" classname="Scenario: To check naviagtion from booking details page to items page" time="0"/>
  <testcase name="When customer adds an item to cart" classname="Scenario: To check naviagtion from booking details page to items page" time="0"/>
  <testcase name="Then cart should be updated with items" classname="Scenario: To check naviagtion from booking details page to items page" time="0"/>
  <testcase name="And Able to navigate to booking details page" classname="Scenario: To check naviagtion from booking details page to items page" time="0"/>
  <testcase name="When customer clicks on back button" classname="Scenario: To check naviagtion from booking details page to items page" time="0"/>
  <testcase name="Then items page should be dispalyed" classname="Scenario: To check naviagtion from booking details page to items page" time="0"/>
  <testcase name="" classname="Scenario: To check naviagtion from booking details page to items page" time="1.043"/>
  <testcase name="Given customer is on the items page" classname="Scenario: To check navigation to country details page" time="0"/>
  <testcase name="When customer adds an item to cart" classname="Scenario: To check navigation to country details page" time="0"/>
  <testcase name="Then cart should be updated with items" classname="Scenario: To check navigation to country details page" time="0"/>
  <testcase name="And Able to navigate to booking details page" classname="Scenario: To check navigation to country details page" time="0"/>
  <testcase name="When clicks on &quot;Place order&quot; button" classname="Scenario: To check navigation to country details page" time="0"/>
  <testcase name="Then country page should eb dispalyed" classname="Scenario: To check navigation to country details page" time="0"/>
  <testcase name="" classname="Scenario: To check navigation to country details page" time="0.625"/>
  <testcase name="Given customer is on the items page" classname="Scenario: To check title in items page" time="0"/>
  <testcase name="When customer sees all the items" classname="Scenario: To check title in items page" time="0"/>
  <testcase name="Then title of the page should be displayed" classname="Scenario: To check title in items page" time="0"/>
  <testcase name="" classname="Scenario: To check title in items page" time="1.177"/>
  <testcase name="Given customer is on the items page" classname="Scenario: To check item details in items page" time="0"/>
  <testcase name="When customer sees any particular item" classname="Scenario: To check item details in items page" time="0"/>
  <testcase name="Then all the details should be displayed" classname="Scenario: To check item details in items page" time="0"/>
  <testcase name="" classname="Scenario: To check item details in items page" time="0.634"/>
  <testcase name="Given customer is on the items page" classname="Scenario: To check footer details in items page" time="0"/>
  <testcase name="When customer sees the footer" classname="Scenario: To check footer details in items page" time="0"/>
  <testcase name="Then footer text &quot;© 2019 GreenKart - buy veg and fruits online&quot; should be displayed" classname="Scenario: To check footer details in items page" time="0"/>
  <testcase name="" classname="Scenario: To check footer details in items page" time="0.622"/>
  <testcase name="Given customer is on the items page" classname="Scenario: To make booking with one item" time="0"/>
  <testcase name="When customer adds an item to cart" classname="Scenario: To make booking with one item" time="0"/>
  <testcase name="And clicks on proceed button" classname="Scenario: To make booking with one item" time="0"/>
  <testcase name="Then Booking details page should be displayed" classname="Scenario: To make booking with one item" time="0"/>
  <testcase name="And clicks on place order button" classname="Scenario: To make booking with one item" time="0"/>
  <testcase name="Then countryselection page should eb displayed" classname="Scenario: To make booking with one item" time="0"/>
  <testcase name="When user seelcts country and tandc checkbox" classname="Scenario: To make booking with one item" time="0"/>
  <testcase name="When customer clickson continue button" classname="Scenario: To make booking with one item" time="0"/>
  <testcase name="Then confirmation page should be displayed" classname="Scenario: To make booking with one item" time="0"/>
  <testcase name="" classname="Scenario: To make booking with one item" time="0.617"/>
  <testcase name="Given customer is on the items page" classname="Scenario: To make booking with many item" time="0"/>
  <testcase name="When customer ads many items to cart" classname="Scenario: To make booking with many item" time="0"/>
  <testcase name="And clicks on proceed button" classname="Scenario: To make booking with many item" time="0"/>
  <testcase name="Then Booking details page should be displayed" classname="Scenario: To make booking with many item" time="0"/>
  <testcase name="And clicks on place order button" classname="Scenario: To make booking with many item" time="0"/>
  <testcase name="Then countryselection page should eb displayed" classname="Scenario: To make booking with many item" time="0"/>
  <testcase name="When user seelcts country and tandc checkbox" classname="Scenario: To make booking with many item" time="0"/>
  <testcase name="When customer clickson continue button" classname="Scenario: To make booking with many item" time="0"/>
  <testcase name="Then confirmation page should be displayed" classname="Scenario: To make booking with many item" time="0"/>
  <testcase name="" classname="Scenario: To make booking with many item" time="0.62"/>
</testsuite>